<?xml version="1.0" encoding="UTF-8"?>
<!-- Generated by org.testng.reporters.JUnitReportReporter -->
<testsuite hostname="ADMIN" failures="0" tests="1" name="com.TestNG.Group.Personal_loan" time="0.034" errors="0" timestamp="2022-08-25T09:08:59 IST" skipped="0">
  <testcase classname="com.TestNG.Group.Personal_loan" name="WebLoginPersonalLoan" time="0.034"/>
  <system-out/>
</testsuite> <!-- com.TestNG.Group.Personal_loan -->
